<?xml version="1.0" encoding="UTF-8"?>
<!-- Generated by org.testng.reporters.JUnitReportReporter -->
<testsuite hostname="USCHIRBALASUBR2" failures="0" tests="1" name="IopOperations.IopProject.OhioIdOTPTest" time="119.300" errors="0" timestamp="2024-11-12T06:49:29 EST" skipped="0">
  <testcase classname="IopOperations.IopProject.OhioIdOTPTest" name="create7XAccount" time="119.300"/>
</testsuite> <!-- IopOperations.IopProject.OhioIdOTPTest -->
