<?xml version="1.0" encoding="UTF-8"?>
<!-- Generated by org.testng.reporters.JUnitReportReporter -->
<testsuite hostname="USCHIRBALASUBR2" failures="0" tests="1" name="IopOperations.IopProject.SampleHeadlessTest" time="6.608" errors="0" timestamp="2024-09-12T22:53:47 EDT" skipped="0">
  <testcase classname="IopOperations.IopProject.SampleHeadlessTest" name="verifyTitle" time="6.608"/>
</testsuite> <!-- IopOperations.IopProject.SampleHeadlessTest -->
