<?xml version="1.0" encoding="UTF-8"?>
<!-- Generated by org.testng.reporters.JUnitReportReporter -->
<testsuite hostname="USCHIRBALASUBR2" failures="0" tests="1" name="IopOperations.IopProject.ForgotUsernameOHID" time="21.934" errors="0" timestamp="2024-11-20T13:33:08 EST" skipped="0">
  <testcase classname="IopOperations.IopProject.ForgotUsernameOHID" name="checkForgotUsernameOHID" time="21.934"/>
  <system-out/>
</testsuite> <!-- IopOperations.IopProject.ForgotUsernameOHID -->
